Initialize engine version: 2019.4.40f1 (ffc62b691db5)
[Subsystems] Discovering subsystems at path C:/Games/Last Epoch/Last Epoch_Data/UnitySubsystems
GfxDevice: creating device client; threaded=1
Direct3D:
    Version:  Direct3D 11.0 [level 11.1]
    Renderer: NVIDIA GeForce GTX 1660 (ID=0x2184)
    Vendor:   
    VRAM:     5980 MB
    Driver:   31.0.15.2824
The referenced script (WFX_LightCurves) on this Behaviour is missing!
UnityEngine.Resources:Load(String)
AbilityManager:get()
AbilityManager:EditorReset()

[ line 199] 
(Filename:  Line: 199)

The referenced script (WFX_LightCurves) on this Behaviour is missing!
UnityEngine.Resources:Load(String)
AbilityManager:get()
AbilityManager:EditorReset()

[ line 199] 
(Filename:  Line: 199)

The referenced script on this Behaviour (Game Object 'Point light') is missing!
UnityEngine.Resources:Load(String)
AbilityManager:get()
AbilityManager:EditorReset()

[ line 334] 
(Filename:  Line: 334)

The referenced script on this Behaviour (Game Object 'Point light') is missing!
UnityEngine.Resources:Load(String)
AbilityManager:get()
AbilityManager:EditorReset()

[ line 334] 
(Filename:  Line: 334)

Uploading Crash Report
NullReferenceException: Object reference not set to an instance of an object.
  at Cysharp.Threading.Tasks.PlayerLoopHelper.AddAction (Cysharp.Threading.Tasks.PlayerLoopTiming timing, Cysharp.Threading.Tasks.IPlayerLoopItem action) [0x00000] in <00000000000000000000000000000000>:0 
  at Cysharp.Threading.Tasks.UniTask+WaitUntilPromise.Create (System.Func`1[TResult] predicate, Cysharp.Threading.Tasks.PlayerLoopTiming timing, System.Threading.CancellationToken cancellationToken, System.Int16& token) [0x00000] in <00000000000000000000000000000000>:0 
  at Cysharp.Threading.Tasks.UniTask.WaitUntil (System.Func`1[TResult] predicate, Cysharp.Threading.Tasks.PlayerLoopTiming timing, System.Threading.CancellationToken cancellationToken) [0x00000] in <00000000000000000000000000000000>:0 
  at LE.Services.ServiceProvider+<InitializeNetworkManagers>d__110.MoveNext () [0x00000] in <00000000000000000000000000000000>:0 
  at LE.Services.ServiceProvider.InitializeNetworkManagers () [0x00000] in <00000000000000000000000000000000>:0 
  at LE.Services.ServiceProvider.ResetInstances () [0x00000] in <00000000000000000000000000000000>:0 
  at LE.Services.ServiceProvider..cctor () [0x00000] in <00000000000000000000000000000000>:0 
  at LE.SceneState.Networking.SceneGraphNetworkSyncManager.EditorReset () [0x00000] in <00000000000000000000000000000000>:0 
UnityEngine.Logger:LogException(Exception, Object)
UnityEngine.Debug:LogException(Exception)
Cysharp.Threading.Tasks.UniTaskScheduler:PublishUnobservedTaskException(Exception)
LE.Services.<InitializeNetworkManagers>d__110:MoveNext()
LE.Services.ServiceProvider:InitializeNetworkManagers()
LE.Services.ServiceProvider:ResetInstances()
LE.Services.ServiceProvider:.cctor()
LE.SceneState.Networking.SceneGraphNetworkSyncManager:EditorReset()
 
(Filename: currently not available on il2cpp Line: -1)

Uploading Crash Report
NullReferenceException: Object reference not set to an instance of an object.
  at Cysharp.Threading.Tasks.PlayerLoopHelper.AddAction (Cysharp.Threading.Tasks.PlayerLoopTiming timing, Cysharp.Threading.Tasks.IPlayerLoopItem action) [0x00000] in <00000000000000000000000000000000>:0 
  at Cysharp.Threading.Tasks.UniTask+WaitUntilPromise.Create (System.Func`1[TResult] predicate, Cysharp.Threading.Tasks.PlayerLoopTiming timing, System.Threading.CancellationToken cancellationToken, System.Int16& token) [0x00000] in <00000000000000000000000000000000>:0 
  at Cysharp.Threading.Tasks.UniTask.WaitUntil (System.Func`1[TResult] predicate, Cysharp.Threading.Tasks.PlayerLoopTiming timing, System.Threading.CancellationToken cancellationToken) [0x00000] in <00000000000000000000000000000000>:0 
  at LE.Services.ServiceProvider+<InitializeCosmosConfiguration>d__104.MoveNext () [0x00000] in <00000000000000000000000000000000>:0 
  at LE.Services.ServiceProvider+<InitializeServices>d__103.MoveNext () [0x00000] in <00000000000000000000000000000000>:0 
  at LE.Services.ServiceProvider.ResetInstances () [0x00000] in <00000000000000000000000000000000>:0 
  at LE.Services.ServiceProvider..cctor () [0x00000] in <00000000000000000000000000000000>:0 
  at LE.SceneState.Networking.SceneGraphNetworkSyncManager.EditorReset () [0x00000] in <00000000000000000000000000000000>:0 
--- End of stack trace from previous location where exception was thrown ---
  at System.Runtime.ExceptionServices.ExceptionDispatchInfo.Throw () [0x00000] in <00000000000000000000000000000000>:0 
  at Cysharp.Threading.Tasks.UniTask+ExceptionResultSource`1[T].GetResult (System.Int16 token) [0x00000] in <00000000000000000000000000000000>:0 
  at LE.Services.ServiceProvider+<InitializeServices>d__103.MoveNext () [0x00000] in <00000000000000000000000000000000>:0 
  at LE.Services.ServiceProvider.ResetInstances () [0x00000] in <00000000000000000000000000000000>:0 
  at LE.Services.ServiceProvider..cctor () [0x00000] in <00000000000000000000000000000000>:0 
  at LE.SceneState.Networking.SceneGraphNetworkSyncManager.EditorReset () [0x00000] in <00000000000000000000000000000000>:0 
--- End of stack trace from previous location where exception was thrown ---
  at System.Runtime.ExceptionServices.ExceptionDispatchInfo.Throw () [0x00000] in <00000000000000000000000000000000>:0 
  at Cysharp.Threading.Tasks.UniTaskExtensions.Forget (Cysharp.Threading.Tasks.UniTask task) [0x00000] in <00000000000000000000000000000000>:0 
  at LE.Services.ServiceProvider.ResetInstances () [0x00000] in <00000000000000000000000000000000>:0 
  at LE.Services.ServiceProvider..cctor () [0x00000] in <00000000000000000000000000000000>:0 
  at LE.SceneState.Networking.SceneGraphNetworkSyncManager.EditorReset () [0x00000] in <00000000000000000000000000000000>:0 
UnityEngine.Logger:LogException(Exception, Object)
UnityEngine.Debug:LogException(Exception)
Cysharp.Threading.Tasks.UniTaskScheduler:PublishUnobservedTaskException(Exception)
Cysharp.Threading.Tasks.UniTaskExtensions:Forget(UniTask)
LE.Services.ServiceProvider:ResetInstances()
LE.Services.ServiceProvider:.cctor()
LE.SceneState.Networking.SceneGraphNetworkSyncManager:EditorReset()
 
(Filename: currently not available on il2cpp Line: -1)

[Instantiation] Loaded Serializers:
	PlayOneShotSound	-	Generated.PlayOneShotSoundSerializerGenerated
	SelfDestroyer	-	Generated.SelfDestroyerSerializerGenerated
	DestroyAfterDuration	-	Generated.DestroyAfterDurationSerializerGenerated
	RotatesToAngle	-	Generated.RotatesToAngleSerializerGenerated
	DetachParticleSystemsOnDeath	-	Generated.DetachParticleSystemsOnDeathSerializerGenerated
	StartsAtTarget	-	Generated.StartsAtTargetSerializerGenerated
	RFX1_LightCurves	-	Generated.RFX1_LightCurvesSerializerGenerated
	StartForwardsFromCreator	-	Generated.StartForwardsFromCreatorSerializerGenerated
	VelocityForDuration	-	Generated.VelocityForDurationSerializerGenerated
	RFX4_Turbulence	-	Generated.RFX4_TurbulenceSerializerGenerated
	ConstantRotation	-	Generated.ConstantRotationSerializerGenerated
	SceneObjectIndicator	-	Generated.SceneObjectIndicatorSerializerGenerated
	SubObjectsStretchToLocationCreatedFrom	-	Generated.SubObjectsStretchToLocationCreatedFromSerializerGenerated
	ActivateChildAfterRandomDuration	-	Generated.ActivateChildAfterRandomDurationSerializerGenerated
	TextureTilingOnScale	-	Generated.TextureTilingOnScaleSerializerGenerated
	RFX4_ShaderFloatCurve	-	Generated.RFX4_ShaderFloatCurveSerializerGenerated
	ActivateObjectsAfterDuration	-	Generated.ActivateObjectsAfterDurationSerializerGenerated
	RepeatedlyLookAtTransform	-	Generated.RepeatedlyLookAtTransformSerializerGenerated
	FT_LineHitPoint	-	Generated.FT_LineHitPointSerializerGenerated
	FT_LineRender	-	Generated.FT_LineRenderSerializerGenerated
	StartsTowardsTarget	-	Generated.StartsTowardsTargetSerializerGenerated
	MagicalFX.FX_Rotation	-	Generated.FX_RotationSerializerGenerated
	CreateOnDeath	-	Generated.CreateOnDeathSerializerGenerated
	StartsAboveTarget	-	Generated.StartsAboveTargetSerializerGenerated
	StartAwayFromTarget	-	Generated.StartAwayFromTargetSerializerGenerated
	UnityEngine.BoxCollider	-	LE.Caching.CustomSerializers.BoxColliderSerializer
	UnityEngine.CapsuleCollider	-	LE.Caching.CustomSerializers.CapsuleColliderSerializer
	UnityEngine.SphereCollider	-	LE.Caching.CustomSerializers.SphereColliderSerializer
	UnityEngine.Transform	-	LE.Caching.CustomSerializers.TransformSerializer

UnityEngine.Logger:Log(LogType, Object)
UnityEngine.Debug:Log(Object)
LE.Caching.Serialization:GetSerializers()
 
(Filename: C:\buildslave\unity\build\Runtime/Export/Debug/Debug.bindings.h Line: 39)

<RI> Initializing input.
<RI> Input initialized.
<RI> Initialized touch support.
The referenced script (RuntimeDevMode) on this Behaviour is missing! 
(Filename:  Line: 199)

The referenced script (LE.Dev.DevImGUIRenderer) on this Behaviour is missing! 
(Filename:  Line: 199)

The referenced script on this Behaviour (Game Object 'DevModeWindow') is missing! 
(Filename:  Line: 334)

A scripted object (probably RuntimeDevMode?) has a different serialization layout when loading. (Read 32 bytes but expected 84 bytes)
Did you #ifdef UNITY_EDITOR a section of your serialized properties in any of your scripts? 
(Filename:  Line: 2373)

The referenced script on this Behaviour (Game Object 'DevModeWindow') is missing! 
(Filename:  Line: 334)

The referenced script on this Behaviour (Game Object '!ftraceLightmaps') is missing! 
(Filename:  Line: 334)

UnloadTime: 6.395900 ms
Uploading Crash Report
NullReferenceException: Object reference not set to an instance of an object.
  at WindowFocusManager.OnApplicationFocus (System.Boolean focus) [0x00000] in <00000000000000000000000000000000>:0 
 
(Filename: currently not available on il2cpp Line: -1)

NullReferenceException: Object reference not set to an instance of an object.
  at WindowFocusManager.OnApplicationFocus (System.Boolean focus) [0x00000] in <00000000000000000000000000000000>:0 
 
(Filename: currently not available on il2cpp Line: -1)

NullReferenceException: Object reference not set to an instance of an object.
  at WindowFocusManager.OnApplicationFocus (System.Boolean focus) [0x00000] in <00000000000000000000000000000000>:0 
 
(Filename: currently not available on il2cpp Line: -1)

