Initialize engine version: 2019.4.40f1 (ffc62b691db5)
[Subsystems] Discovering subsystems at path C:/Games/Last Epoch/Last Epoch_Data/UnitySubsystems
GfxDevice: creating device client; threaded=1
Direct3D:
    Version:  Direct3D 11.0 [level 11.1]
    Renderer: NVIDIA GeForce GTX 1660 (ID=0x2184)
    Vendor:   
    VRAM:     5981 MB
    Driver:   31.0.15.4633
The referenced script (WFX_LightCurves) on this Behaviour is missing!
UnityEngine.Resources:Load(String)
AbilityManager:get()
AbilityManager:EditorReset()

[ line 199] 
(Filename:  Line: 199)

The referenced script (WFX_LightCurves) on this Behaviour is missing!
UnityEngine.Resources:Load(String)
AbilityManager:get()
AbilityManager:EditorReset()

[ line 199] 
(Filename:  Line: 199)

The referenced script on this Behaviour (Game Object 'Point light') is missing!
UnityEngine.Resources:Load(String)
AbilityManager:get()
AbilityManager:EditorReset()

[ line 334] 
(Filename:  Line: 334)

The referenced script on this Behaviour (Game Object 'Point light') is missing!
UnityEngine.Resources:Load(String)
AbilityManager:get()
AbilityManager:EditorReset()

[ line 334] 
(Filename:  Line: 334)

Command line options:
	IsDiagnosticLoggingEnabled = False
	ConnectDirectlyToGameServer = False
	DisableAutoLoginWithSteam = False
	GraphicsOptionsFile = 
	UseLidgren = False
	OfflineMode = True
	GameServerIP = 
	GameServerPort = 
	PlayFabTitleId = 
	LidgrenPort = 
	EnableQueues = False
	UseNativeProfiler = False
	NativeProfilerConfig = 
	Profile = 

UnityEngine.Logger:Log(LogType, Object)
UnityEngine.Debug:Log(Object)
LE.Core.CommandLine:GetCommandLineOptions(IEnumerable`1)
System.Func`1:Invoke()
System.Lazy`1:CreateValue()
System.Lazy`1:LazyInitValue()
System.Lazy`1:get_Value()
EHG.Multiplayer.GameplayEnvironment:.cctor()
VFXManager:BuildLookupTables()
 
(Filename: C:\buildslave\unity\build\Runtime/Export/Debug/Debug.bindings.h Line: 39)

